
<!DOCTYPE html>
<html lang="zh-CN">
<head>
    <meta charset="UTF-8">
    <meta name="viewport" content="width=device-width, initial-scale=1.0">
    <title>ä¿„ç½—æ–¯æ–¹å—æ¸¸æˆ - æµ‹è¯•æŠ¥å‘Š</title>
    <style>
        body { font-family: Arial, sans-serif; margin: 20px; background-color: #f5f5f5; }
        .container { max-width: 1200px; margin: 0 auto; background: white; padding: 20px; border-radius: 8px; box-shadow: 0 2px 10px rgba(0,0,0,0.1); }
        h1, h2 { color: #333; }
        .summary { display: grid; grid-template-columns: repeat(auto-fit, minmax(200px, 1fr)); gap: 20px; margin: 20px 0; }
        .stat-card { background: #f8f9fa; padding: 15px; border-radius: 8px; text-align: center; border-left: 4px solid #007bff; }
        .stat-card.passed { border-left-color: #28a745; }
        .stat-card.failed { border-left-color: #dc3545; }
        .stat-card.skipped { border-left-color: #ffc107; }
        .stat-card.errors { border-left-color: #fd7e14; }
        .stat-number { font-size: 2em; font-weight: bold; margin-bottom: 5px; }
        .stat-label { color: #666; }
        .test-results { margin: 20px 0; }
        .test-item { background: #f8f9fa; margin: 10px 0; padding: 15px; border-radius: 8px; border-left: 4px solid #007bff; }
        .test-item.passed { border-left-color: #28a745; }
        .test-item.failed { border-left-color: #dc3545; }
        .test-item.skipped { border-left-color: #ffc107; }
        .test-item.error { border-left-color: #fd7e14; }
        .test-name { font-weight: bold; margin-bottom: 5px; }
        .test-details { color: #666; font-size: 0.9em; }
        .coverage-bar { background: #e9ecef; height: 20px; border-radius: 10px; overflow: hidden; margin: 10px 0; }
        .coverage-fill { background: linear-gradient(90deg, #dc3545, #ffc107, #28a745); height: 100%; transition: width 0.3s ease; }
        .timestamp { color: #666; font-size: 0.9em; }
        pre { background: #f8f9fa; padding: 10px; border-radius: 4px; overflow-x: auto; font-size: 0.8em; }
    </style>
</head>
<body>
    <div class="container">
        <h1>ğŸ® ä¿„ç½—æ–¯æ–¹å—æ¸¸æˆ - æµ‹è¯•æŠ¥å‘Š</h1>
        <p class="timestamp">ç”Ÿæˆæ—¶é—´: None</p>
        <p class="timestamp">æµ‹è¯•è€—æ—¶: 0.00 ç§’</p>
        
        <h2>ğŸ“Š æµ‹è¯•æ‘˜è¦</h2>
        <div class="summary">
            <div class="stat-card">
                <div class="stat-number">10</div>
                <div class="stat-label">æ€»æµ‹è¯•æ•°</div>
            </div>
            <div class="stat-card passed">
                <div class="stat-number">0</div>
                <div class="stat-label">é€šè¿‡</div>
            </div>
            <div class="stat-card failed">
                <div class="stat-number">11</div>
                <div class="stat-label">å¤±è´¥</div>
            </div>
            <div class="stat-card skipped">
                <div class="stat-number">2</div>
                <div class="stat-label">è·³è¿‡</div>
            </div>
            <div class="stat-card errors">
                <div class="stat-number">0</div>
                <div class="stat-label">é”™è¯¯</div>
            </div>
        </div>
        
        <h2>ğŸ§ª æµ‹è¯•è¯¦æƒ…</h2>
        <div class="test-results">
        
            <div class="test-item failed">
                <div class="test-name">test_models</div>
                <div class="test-details">
                    åˆ†ç±»: unit | çŠ¶æ€: failed | è€—æ—¶: 0.65s
                </div>
            <pre>C:\Users\uestc\AppData\Local\Packages\PythonSoftwareFoundation.Python.3.12_qbz5n2kfra8p0\LocalCache\local-packages\Python312\site-packages\_pytest\config\__init__.py:331: PluggyTeardownRaisedWarning: A plugin raised an exception during an old-style hookwrapper teardown.
Plugin: helpconfig, Hook: pytest_cmdline_parse
UsageError: usage: __main__.py [options] [file_or_dir] [file_or_dir] [...]
__main__.py: error: unrecognized arguments: --json-report --json-report-file=test_report_test_models.json
 ...</pre></div>
            <div class="test-item failed">
                <div class="test-name">test_user_service</div>
                <div class="test-details">
                    åˆ†ç±»: unit | çŠ¶æ€: failed | è€—æ—¶: 0.19s
                </div>
            <pre>C:\Users\uestc\AppData\Local\Packages\PythonSoftwareFoundation.Python.3.12_qbz5n2kfra8p0\LocalCache\local-packages\Python312\site-packages\_pytest\config\__init__.py:331: PluggyTeardownRaisedWarning: A plugin raised an exception during an old-style hookwrapper teardown.
Plugin: helpconfig, Hook: pytest_cmdline_parse
UsageError: usage: __main__.py [options] [file_or_dir] [file_or_dir] [...]
__main__.py: error: unrecognized arguments: --json-report --json-report-file=test_report_test_user_service....</pre></div>
            <div class="test-item failed">
                <div class="test-name">test_game_service</div>
                <div class="test-details">
                    åˆ†ç±»: unit | çŠ¶æ€: failed | è€—æ—¶: 0.23s
                </div>
            <pre>C:\Users\uestc\AppData\Local\Packages\PythonSoftwareFoundation.Python.3.12_qbz5n2kfra8p0\LocalCache\local-packages\Python312\site-packages\_pytest\config\__init__.py:331: PluggyTeardownRaisedWarning: A plugin raised an exception during an old-style hookwrapper teardown.
Plugin: helpconfig, Hook: pytest_cmdline_parse
UsageError: usage: __main__.py [options] [file_or_dir] [file_or_dir] [...]
__main__.py: error: unrecognized arguments: --json-report --json-report-file=test_report_test_game_service....</pre></div>
            <div class="test-item failed">
                <div class="test-name">test_database_manager</div>
                <div class="test-details">
                    åˆ†ç±»: unit | çŠ¶æ€: failed | è€—æ—¶: 0.19s
                </div>
            <pre>C:\Users\uestc\AppData\Local\Packages\PythonSoftwareFoundation.Python.3.12_qbz5n2kfra8p0\LocalCache\local-packages\Python312\site-packages\_pytest\config\__init__.py:331: PluggyTeardownRaisedWarning: A plugin raised an exception during an old-style hookwrapper teardown.
Plugin: helpconfig, Hook: pytest_cmdline_parse
UsageError: usage: __main__.py [options] [file_or_dir] [file_or_dir] [...]
__main__.py: error: unrecognized arguments: --json-report --json-report-file=test_report_test_database_mana...</pre></div>
            <div class="test-item failed">
                <div class="test-name">test_base_service</div>
                <div class="test-details">
                    åˆ†ç±»: unit | çŠ¶æ€: failed | è€—æ—¶: 0.19s
                </div>
            <pre>C:\Users\uestc\AppData\Local\Packages\PythonSoftwareFoundation.Python.3.12_qbz5n2kfra8p0\LocalCache\local-packages\Python312\site-packages\_pytest\config\__init__.py:331: PluggyTeardownRaisedWarning: A plugin raised an exception during an old-style hookwrapper teardown.
Plugin: helpconfig, Hook: pytest_cmdline_parse
UsageError: usage: __main__.py [options] [file_or_dir] [file_or_dir] [...]
__main__.py: error: unrecognized arguments: --json-report --json-report-file=test_report_test_base_service....</pre></div>
            <div class="test-item failed">
                <div class="test-name">test_data_cleanup_service</div>
                <div class="test-details">
                    åˆ†ç±»: unit | çŠ¶æ€: failed | è€—æ—¶: 0.20s
                </div>
            <pre>C:\Users\uestc\AppData\Local\Packages\PythonSoftwareFoundation.Python.3.12_qbz5n2kfra8p0\LocalCache\local-packages\Python312\site-packages\_pytest\config\__init__.py:331: PluggyTeardownRaisedWarning: A plugin raised an exception during an old-style hookwrapper teardown.
Plugin: helpconfig, Hook: pytest_cmdline_parse
UsageError: usage: __main__.py [options] [file_or_dir] [file_or_dir] [...]
__main__.py: error: unrecognized arguments: --json-report --json-report-file=test_report_test_data_cleanup_...</pre></div>
            <div class="test-item failed">
                <div class="test-name">test_api_routes</div>
                <div class="test-details">
                    åˆ†ç±»: integration | çŠ¶æ€: failed | è€—æ—¶: 0.19s
                </div>
            <pre>C:\Users\uestc\AppData\Local\Packages\PythonSoftwareFoundation.Python.3.12_qbz5n2kfra8p0\LocalCache\local-packages\Python312\site-packages\_pytest\config\__init__.py:331: PluggyTeardownRaisedWarning: A plugin raised an exception during an old-style hookwrapper teardown.
Plugin: helpconfig, Hook: pytest_cmdline_parse
UsageError: usage: __main__.py [options] [file_or_dir] [file_or_dir] [...]
__main__.py: error: unrecognized arguments: --json-report --json-report-file=test_report_test_api_routes.js...</pre></div>
            <div class="test-item failed">
                <div class="test-name">test_socketio</div>
                <div class="test-details">
                    åˆ†ç±»: integration | çŠ¶æ€: failed | è€—æ—¶: 0.20s
                </div>
            <pre>C:\Users\uestc\AppData\Local\Packages\PythonSoftwareFoundation.Python.3.12_qbz5n2kfra8p0\LocalCache\local-packages\Python312\site-packages\_pytest\config\__init__.py:331: PluggyTeardownRaisedWarning: A plugin raised an exception during an old-style hookwrapper teardown.
Plugin: helpconfig, Hook: pytest_cmdline_parse
UsageError: usage: __main__.py [options] [file_or_dir] [file_or_dir] [...]
__main__.py: error: unrecognized arguments: --json-report --json-report-file=test_report_test_socketio.json...</pre></div>
            <div class="test-item failed">
                <div class="test-name">test_socketio_leaderboard</div>
                <div class="test-details">
                    åˆ†ç±»: integration | çŠ¶æ€: failed | è€—æ—¶: 0.20s
                </div>
            <pre>C:\Users\uestc\AppData\Local\Packages\PythonSoftwareFoundation.Python.3.12_qbz5n2kfra8p0\LocalCache\local-packages\Python312\site-packages\_pytest\config\__init__.py:331: PluggyTeardownRaisedWarning: A plugin raised an exception during an old-style hookwrapper teardown.
Plugin: helpconfig, Hook: pytest_cmdline_parse
UsageError: usage: __main__.py [options] [file_or_dir] [file_or_dir] [...]
__main__.py: error: unrecognized arguments: --json-report --json-report-file=test_report_test_socketio_lead...</pre></div>
            <div class="test-item failed">
                <div class="test-name">test_e2e_integration</div>
                <div class="test-details">
                    åˆ†ç±»: e2e | çŠ¶æ€: failed | è€—æ—¶: 0.19s
                </div>
            <pre>C:\Users\uestc\AppData\Local\Packages\PythonSoftwareFoundation.Python.3.12_qbz5n2kfra8p0\LocalCache\local-packages\Python312\site-packages\_pytest\config\__init__.py:331: PluggyTeardownRaisedWarning: A plugin raised an exception during an old-style hookwrapper teardown.
Plugin: helpconfig, Hook: pytest_cmdline_parse
UsageError: usage: __main__.py [options] [file_or_dir] [file_or_dir] [...]
__main__.py: error: unrecognized arguments: --json-report --json-report-file=test_report_test_e2e_integrati...</pre></div>
            <div class="test-item skipped">
                <div class="test-name">frontend</div>
                <div class="test-details">
                    åˆ†ç±»: unknown | çŠ¶æ€: skipped | è€—æ—¶: 0.00s
                </div>
            </div>
            <div class="test-item failed">
                <div class="test-name">performance</div>
                <div class="test-details">
                    åˆ†ç±»: unknown | çŠ¶æ€: failed | è€—æ—¶: 0.00s
                </div>
            <pre>C:\Users\uestc\AppData\Local\Packages\PythonSoftwareFoundation.Python.3.12_qbz5n2kfra8p0\LocalCache\local-packages\Python312\site-packages\_pytest\config\__init__.py:331: PluggyTeardownRaisedWarning: A plugin raised an exception during an old-style hookwrapper teardown.
Plugin: helpconfig, Hook: pytest_cmdline_parse
UsageError: usage: __main__.py [options] [file_or_dir] [file_or_dir] [...]
__main__.py: error: unrecognized arguments: --benchmark-only
  inifile: None
  rootdir: E:\myProjects\kiroP...</pre></div>
            <div class="test-item skipped">
                <div class="test-name">security</div>
                <div class="test-details">
                    åˆ†ç±»: unknown | çŠ¶æ€: skipped | è€—æ—¶: 0.00s
                </div>
            </div>
        </div>
    </div>
</body>
</html>
        